#
# There is insufficient memory for the Java Runtime Environment to continue.
# Native memory allocation (mmap) failed to map 331350016 bytes for Failed to commit area from 0x00000006c4000000 to 0x00000006d7c00000 of length 331350016.
# Possible reasons:
#   The system is out of physical RAM or swap space
#   The process is running with CompressedOops enabled, and the Java Heap may be blocking the growth of the native heap
# Possible solutions:
#   Reduce memory load on the system
#   Increase physical memory or swap space
#   Check if swap backing store is full
#   Decrease Java heap size (-Xmx/-Xms)
#   Decrease number of Java threads
#   Decrease Java thread stack sizes (-Xss)
#   Set larger code cache with -XX:ReservedCodeCacheSize=
# This output file may be truncated or incomplete.
#
#  Out of Memory Error (./src/hotspot/os/windows/os_windows.cpp:3521), pid=27176, tid=18972
#
# JRE version:  (11.0.12+7) (build )
# Java VM: OpenJDK 64-Bit Server VM (11.0.12+7-b1504.28-7817840, mixed mode, sharing, tiered, compressed oops, g1 gc, windows-amd64)
# No core dump will be written. Minidumps are not enabled by default on client versions of Windows
#

---------------  S U M M A R Y ------------

Command Line: org.jetbrains.kotlin.cli.jvm.K2JVMCompiler @D:\Data\Project\AndroidStudio\Android-Fundamental-ID-Camp\Githubgram\app\build\20220721_17001661917236910385.compiler.options

Host: Intel(R) Core(TM) i5-1035G1 CPU @ 1.00GHz, 8 cores, 19G,  Windows 10 , 64 bit Build 19041 (10.0.19041.1806)
Time: Thu Jul 21 04:53:17 2022 SE Asia Standard Time elapsed time: 0.036555 seconds (0d 0h 0m 0s)

---------------  T H R E A D  ---------------

Current thread (0x0000019c70ac2000):  JavaThread "Unknown thread" [_thread_in_vm, id=18972, stack(0x0000006fda400000,0x0000006fda500000)]

Stack: [0x0000006fda400000,0x0000006fda500000]
Native frames: (J=compiled Java code, j=interpreted, Vv=VM code, C=native code)
V  [jvm.dll+0x5fbcea]
V  [jvm.dll+0x731905]
V  [jvm.dll+0x732f1d]
V  [jvm.dll+0x7335d3]
V  [jvm.dll+0x247bf8]
V  [jvm.dll+0x5f90b4]
V  [jvm.dll+0x5edc85]
V  [jvm.dll+0x305aeb]
V  [jvm.dll+0x305a5a]
V  [jvm.dll+0x305932]
V  [jvm.dll+0x30a896]
V  [jvm.dll+0x353803]
V  [jvm.dll+0x353f06]
V  [jvm.dll+0x353903]
V  [jvm.dll+0x2e0678]
V  [jvm.dll+0x2e1827]
V  [jvm.dll+0x710037]
V  [jvm.dll+0x71182c]
V  [jvm.dll+0x360da9]
V  [jvm.dll+0x6f390e]
V  [jvm.dll+0x3c9723]
V  [jvm.dll+0x3cb9b1]
C  [jli.dll+0x536b]
C  [ucrtbase.dll+0x21bb2]
C  [KERNEL32.DLL+0x17034]
C  [ntdll.dll+0x52651]


---------------  P R O C E S S  ---------------

Threads class SMR info:
_java_thread_list=0x0000019c6e8a42c0, length=0, elements={
}

Java Threads: ( => current thread )

Other Threads:
  0x0000019c70ada800 GCTaskThread "GC Thread#0" [stack: 0x0000006fda500000,0x0000006fda600000] [id=5784]
  0x0000019c70b4d000 ConcurrentGCThread "G1 Main Marker" [stack: 0x0000006fda600000,0x0000006fda700000] [id=14236]
  0x0000019c70b4e800 ConcurrentGCThread "G1 Conc#0" [stack: 0x0000006fda700000,0x0000006fda800000] [id=8812]

[error occurred during error reporting (printing all threads), id 0xc0000005, EXCEPTION_ACCESS_VIOLATION (0xc0000005) at pc=0x00007ff8cdbd0be7]

VM state:not at safepoint (not fully initialized)

VM Mutex/Monitor currently owned by a thread:  ([mutex/lock_event])
[0x0000019c70abe8b0] Heap_lock - owner thread: 0x0000019c70ac2000

Heap address: 0x00000006c4000000, size: 5056 MB, Compressed Oops mode: Non-zero based: 0x00000006c4000000
Narrow klass base: 0x0000000000000000, Narrow klass shift: 0

GC Heap History (0 events):
No events

Deoptimization events (0 events):
No events

Classes redefined (0 events):
No events

Internal exceptions (0 events):
No events

Events (1 events):
Event: 0.025 Loaded shared library D:\Program Files\Android\Android Studio\jre\bin\zip.dll


Dynamic libraries:
0x00007ff614040000 - 0x00007ff61404a000 	D:\Program Files\Android\Android Studio\jre\bin\java.exe
0x00007ff959cd0000 - 0x00007ff959ec8000 	C:\Windows\SYSTEM32\ntdll.dll
0x00007ff92e060000 - 0x00007ff92e077000 	C:\Program Files\AVG\Antivirus\aswhook.dll
0x00007ff958dc0000 - 0x00007ff958e7d000 	C:\Windows\System32\KERNEL32.DLL
0x00007ff9578e0000 - 0x00007ff957bae000 	C:\Windows\System32\KERNELBASE.dll
0x00007ff9576c0000 - 0x00007ff9577c0000 	C:\Windows\System32\ucrtbase.dll
0x00007ff94f350000 - 0x00007ff94f367000 	D:\Program Files\Android\Android Studio\jre\bin\VCRUNTIME140.dll
0x00007ff951340000 - 0x00007ff951359000 	D:\Program Files\Android\Android Studio\jre\bin\jli.dll
0x00007ff958c20000 - 0x00007ff958dc0000 	C:\Windows\System32\USER32.dll
0x00007ff957860000 - 0x00007ff957882000 	C:\Windows\System32\win32u.dll
0x00007ff9389e0000 - 0x00007ff938c7a000 	C:\Windows\WinSxS\amd64_microsoft.windows.common-controls_6595b64144ccf1df_6.0.19041.1110_none_60b5254171f9507e\COMCTL32.dll
0x00007ff957dc0000 - 0x00007ff957dea000 	C:\Windows\System32\GDI32.dll
0x00007ff957c20000 - 0x00007ff957d2b000 	C:\Windows\System32\gdi32full.dll
0x00007ff959970000 - 0x00007ff959a0e000 	C:\Windows\System32\msvcrt.dll
0x00007ff9577c0000 - 0x00007ff95785d000 	C:\Windows\System32\msvcp_win.dll
0x00007ff957df0000 - 0x00007ff957e20000 	C:\Windows\System32\IMM32.DLL
0x00007ff9198d0000 - 0x00007ff91996d000 	D:\Program Files\Android\Android Studio\jre\bin\msvcp140.dll
0x00007ff8cd8e0000 - 0x00007ff8ce3c5000 	D:\Program Files\Android\Android Studio\jre\bin\server\jvm.dll
0x00007ff958140000 - 0x00007ff9581ee000 	C:\Windows\System32\ADVAPI32.dll
0x00007ff9598d0000 - 0x00007ff95996c000 	C:\Windows\System32\sechost.dll
0x00007ff957f50000 - 0x00007ff958075000 	C:\Windows\System32\RPCRT4.dll
0x00007ff958080000 - 0x00007ff958088000 	C:\Windows\System32\PSAPI.DLL
0x00007ff9391e0000 - 0x00007ff939207000 	C:\Windows\SYSTEM32\WINMM.dll
0x00007ff9518c0000 - 0x00007ff9518ca000 	C:\Windows\SYSTEM32\VERSION.dll
0x00007ff942d60000 - 0x00007ff942d69000 	C:\Windows\SYSTEM32\WSOCK32.dll
0x00007ff959730000 - 0x00007ff95979b000 	C:\Windows\System32\WS2_32.dll
0x00007ff955c40000 - 0x00007ff955c52000 	C:\Windows\SYSTEM32\kernel.appcore.dll
0x00007ff93a720000 - 0x00007ff93a731000 	D:\Program Files\Android\Android Studio\jre\bin\verify.dll
0x00007ff9551b0000 - 0x00007ff955394000 	C:\Windows\SYSTEM32\DBGHELP.DLL
0x00007ff94ffd0000 - 0x00007ff94fffc000 	C:\Windows\SYSTEM32\dbgcore.DLL
0x00007ff9574d0000 - 0x00007ff957552000 	C:\Windows\System32\bcryptPrimitives.dll
0x00007ff9310d0000 - 0x00007ff9310f9000 	D:\Program Files\Android\Android Studio\jre\bin\java.dll
0x00007ff92f470000 - 0x00007ff92f47b000 	D:\Program Files\Android\Android Studio\jre\bin\jimage.dll
0x00007ff92f450000 - 0x00007ff92f468000 	D:\Program Files\Android\Android Studio\jre\bin\zip.dll

dbghelp: loaded successfully - version: 4.0.5 - missing functions: none
symbol engine: initialized successfully - sym options: 0x614 - pdb path: .;D:\Program Files\Android\Android Studio\jre\bin;C:\Windows\SYSTEM32;C:\Program Files\AVG\Antivirus;C:\Windows\WinSxS\amd64_microsoft.windows.common-controls_6595b64144ccf1df_6.0.19041.1110_none_60b5254171f9507e;D:\Program Files\Android\Android Studio\jre\bin\server

VM Arguments:
java_command: org.jetbrains.kotlin.cli.jvm.K2JVMCompiler @D:\Data\Project\AndroidStudio\Android-Fundamental-ID-Camp\Githubgram\app\build\20220721_17001661917236910385.compiler.options
java_class_path (initial): C:\Users\etwicaksono\.gradle\caches\modules-2\files-2.1\org.jetbrains.kotlin\kotlin-compiler-embeddable\1.5.31\cc18c29253541dc57c25c3ef514d63c7953ae1a6\kotlin-compiler-embeddable-1.5.31.jar;C:\Users\etwicaksono\.gradle\caches\modules-2\files-2.1\org.jetbrains.kotlin\kotlin-reflect\1.5.31\1523fcd842a47da0820cea772b19c51056fec8a9\kotlin-reflect-1.5.31.jar;C:\Users\etwicaksono\.gradle\caches\modules-2\files-2.1\org.jetbrains.kotlin\kotlin-stdlib\1.5.31\6628d61d0f5603568e72d2d5915d2c034b4f1c55\kotlin-stdlib-1.5.31.jar;C:\Users\etwicaksono\.gradle\caches\modules-2\files-2.1\org.jetbrains.kotlin\kotlin-script-runtime\1.5.31\aaea854be2cfc06373dfc11be5a6ba9ca5ca84a6\kotlin-script-runtime-1.5.31.jar;C:\Users\etwicaksono\.gradle\caches\modules-2\files-2.1\org.jetbrains.kotlin\kotlin-daemon-embeddable\1.5.31\d19b549661e28c62781683dc7c7e34bf416974f1\kotlin-daemon-embeddable-1.5.31.jar;C:\Users\etwicaksono\.gradle\caches\modules-2\files-2.1\org.jetbrains.intellij.deps\trove4j\1.0.20181211\216c2e14b070f334479d800987affe4054cd563f\trove4j-1.0.20181211.jar;C:\Users\etwicaksono\.gradle\caches\modules-2\files-2.1\org.jetbrains\annotations\13.0\919f0dfe192fb4e063e7dacadee7f8bb9a2672a9\annotations-13.0.jar;C:\Users\etwicaksono\.gradle\caches\modules-2\files-2.1\org.jetbrains.kotlin\kotlin-stdlib-common\1.5.31\43331609c7de811fed085e0dfd150874b157c32\kotlin-stdlib-common-1.5.31.jar
Launcher Type: SUN_STANDARD

[Global flags]
     intx CICompilerCount                          = 4                                         {product} {ergonomic}
     uint ConcGCThreads                            = 2                                         {product} {ergonomic}
     uint G1ConcRefinementThreads                  = 8                                         {product} {ergonomic}
   size_t G1HeapRegionSize                         = 1048576                                   {product} {ergonomic}
    uintx GCDrainStackTargetSize                   = 64                                        {product} {ergonomic}
   size_t InitialHeapSize                          = 331350016                                 {product} {ergonomic}
   size_t MarkStackSize                            = 4194304                                   {product} {ergonomic}
   size_t MaxHeapSize                              = 5301600256                                {product} {ergonomic}
   size_t MinHeapDeltaBytes                        = 1048576                                   {product} {ergonomic}
    uintx NonNMethodCodeHeapSize                   = 5836300                                {pd product} {ergonomic}
    uintx NonProfiledCodeHeapSize                  = 122910970                              {pd product} {ergonomic}
    uintx ProfiledCodeHeapSize                     = 122910970                              {pd product} {ergonomic}
    uintx ReservedCodeCacheSize                    = 251658240                              {pd product} {ergonomic}
     bool SegmentedCodeCache                       = true                                      {product} {ergonomic}
     bool UseCompressedClassPointers               = true                                 {lp64_product} {ergonomic}
     bool UseCompressedOops                        = true                                 {lp64_product} {ergonomic}
     bool UseG1GC                                  = true                                      {product} {ergonomic}
     bool UseLargePagesIndividualAllocation        = false                                  {pd product} {ergonomic}

Logging:
Log output configuration:
 #0: stdout all=warning uptime,level,tags
 #1: stderr all=off uptime,level,tags

Environment Variables:
JAVA_HOME=D:\Program Files\Android\Android Studio\jre
PATH=C:\Windows\system32;C:\Windows;C:\Windows\System32\Wbem;C:\Windows\System32\WindowsPowerShell\v1.0\;C:\Windows\System32\OpenSSH\;C:\Program Files\NVIDIA Corporation\NVIDIA NvDLISR;C:\Program Files\Git\cmd;D:\Data\Xampp8.1\php;C:\ProgramData\ComposerSetup\bin;C:\Users\etwicaksono\AppData\Roaming\nvm;C:\Program Files\nodejs;C:\Gradle\gradle-7.4.2\bin;D:\Program Files\Android\Android Studio\jre\bin;;C:\Program Files\Docker\Docker\resources\bin;C:\ProgramData\DockerDesktop\version-bin;C:\Users\etwicaksono\AppData\Local\Microsoft\WindowsApps;D:\Apps\Microsoft VS Code\bin;C:\Users\etwicaksono\AppData\Roaming\Composer\vendor\bin;C:\Users\etwicaksono\AppData\Roaming\npm;C:\Users\etwicaksono\AppData\Roaming\nvm;C:\Program Files\nodejs
USERNAME=etwicaksono
OS=Windows_NT
PROCESSOR_IDENTIFIER=Intel64 Family 6 Model 126 Stepping 5, GenuineIntel



---------------  S Y S T E M  ---------------

OS: Windows 10 , 64 bit Build 19041 (10.0.19041.1806)
OS uptime: 6 days 4:32 hours
Hyper-V role detected

CPU:total 8 (initial active 8) (4 cores per cpu, 2 threads per core) family 6 model 126 stepping 5 microcode 0xa8, cmov, cx8, fxsr, mmx, sse, sse2, sse3, ssse3, sse4.1, sse4.2, popcnt, avx, avx2, aes, clmul, erms, 3dnowpref, lzcnt, ht, tsc, tscinvbit, bmi1, bmi2, adx, evex, sha, fma

Memory: 4k page, system-wide physical 20222M (3336M free)
TotalPageFile size 32680M (AvailPageFile size 187M)
current process WorkingSet (physical memory assigned to process): 10M, peak: 10M
current process commit charge ("private bytes"): 61M, peak: 377M

vm_info: OpenJDK 64-Bit Server VM (11.0.12+7-b1504.28-7817840) for windows-amd64 JRE (11.0.12+7-b1504.28-7817840), built on Oct 13 2021 22:12:33 by "builder" with MS VC++ 14.0 (VS2015)

END.
